<?xml version="1.0" encoding="UTF-8"?>
<!-- Generated by org.testng.reporters.JUnitReportReporter -->
<testsuite skipped="0" hostname="DESKTOP-044PKM4" name="com.testCases.HomePageTest" tests="1" failures="0" timestamp="17 Dec 2020 03:40:12 GMT" time="16.264" errors="0">
  <testcase name="verifyHomePageTitleTest" time="16.264" classname="com.testCases.HomePageTest"/>
</testsuite> <!-- com.testCases.HomePageTest -->
